{"name": "Change profile name", "status": "broken", "statusDetails": {"message": "selenium.common.exceptions.TimeoutException: Message:", "trace": "self = <test_feature_profile.TestProfileFeatureTests object at 0x7f88354e8590>\n\n    @allure.title(\"Change profile name\")\n    @allure.severity(\"Critical\")\n    @pytest.mark.smoke\n    def test_change_profile_name(self):\n        self.login_page.open()\n        self.login_page.enter_login(self.data.LOGIN)\n        self.login_page.enter_password(self.data.PASSWORD)\n        self.login_page.click_submit_button()\n        self.dashboard_page.is_opened()\n        self.dashboard_page.click_my_info_link()\n        self.personal_page.is_opened()\n        self.personal_page.change_name(f\"Test{random.randint(1,100)}\")\n        self.personal_page.save_changes()\n>       self.personal_page.is_changes_saved()\n\ntests/test_feature_profile.py:22: \n_ _ _ _ _ _ _ _ _ _ _ _ _ _ _ _ _ _ _ _ _ _ _ _ _ _ _ _ _ _ _ _ _ _ _ _ _ _ _ _ \npages/personal_page.py:26: in is_changes_saved\n    self.wait.until(EC.text_to_be_present_in_element_value(self.FIRST_NAME_FIELD, self.name))\n_ _ _ _ _ _ _ _ _ _ _ _ _ _ _ _ _ _ _ _ _ _ _ _ _ _ _ _ _ _ _ _ _ _ _ _ _ _ _ _ \n\nself = <selenium.webdriver.support.wait.WebDriverWait (session=\"e5617bcee275e5be9c7543fc5082f6a6\")>\nmethod = <function text_to_be_present_in_element_value.<locals>._predicate at 0x7f8834c72480>\nmessage = ''\n\n    def until(self, method, message: str = \"\"):\n        \"\"\"Calls the method provided with the driver as an argument until the \\\n        return value does not evaluate to ``False``.\n    \n        :param method: callable(WebDriver)\n        :param message: optional message for :exc:`TimeoutException`\n        :returns: the result of the last call to `method`\n        :raises: :exc:`selenium.common.exceptions.TimeoutException` if timeout occurs\n        \"\"\"\n        screen = None\n        stacktrace = None\n    \n        end_time = time.monotonic() + self._timeout\n        while True:\n            try:\n                value = method(self._driver)\n                if value:\n                    return value\n            except self._ignored_exceptions as exc:\n                screen = getattr(exc, \"screen\", None)\n                stacktrace = getattr(exc, \"stacktrace\", None)\n            time.sleep(self._poll)\n            if time.monotonic() > end_time:\n                break\n>       raise TimeoutException(message, screen, stacktrace)\nE       selenium.common.exceptions.TimeoutException: Message:\n\n../local/lib/python3.12/site-packages/selenium/webdriver/support/wait.py:95: TimeoutException"}, "steps": [{"name": "Openhttps://opensource-demo.orangehrmlive.com/web/index.php/auth/login page", "status": "passed", "start": 1710414750113, "stop": 1710414759518}, {"name": "Enter login", "status": "passed", "parameters": [{"name": "login", "value": "'Admin'"}], "start": 1710414759518, "stop": 1710414760718}, {"name": "Enter password", "status": "passed", "parameters": [{"name": "password", "value": "'admin123'"}], "start": 1710414760718, "stop": 1710414760953}, {"name": "Click submit button", "status": "passed", "start": 1710414760954, "stop": 1710414761119}, {"name": "Pagehttps://opensource-demo.orangehrmlive.com/web/index.php/dashboard/index is opened", "status": "passed", "start": 1710414761119, "stop": 1710414762575}, {"name": "Pagehttps://opensource-demo.orangehrmlive.com/web/index.php/pim/viewPersonalDetails/empNumber/7 is opened", "status": "passed", "start": 1710414765040, "stop": 1710414765044}, {"name": "Change name on 'Test73'", "status": "passed", "start": 1710414765045, "stop": 1710414766170}, {"name": "Save changes", "status": "passed", "start": 1710414766170, "stop": 1710414766598}, {"name": "Changes has been saved successfully", "status": "broken", "statusDetails": {"message": "selenium.common.exceptions.TimeoutException: Message: \n\n", "trace": "  File \"/usr/local/lib/python3.12/site-packages/allure_commons/_allure.py\", line 192, in impl\n    return func(*a, **kw)\n           ^^^^^^^^^^^^^^\n  File \"/usr/workspace/pages/personal_page.py\", line 26, in is_changes_saved\n    self.wait.until(EC.text_to_be_present_in_element_value(self.FIRST_NAME_FIELD, self.name))\n  File \"/usr/local/lib/python3.12/site-packages/selenium/webdriver/support/wait.py\", line 95, in until\n    raise TimeoutException(message, screen, stacktrace)\n"}, "start": 1710414766598, "stop": 1710414776772}], "start": 1710414750113, "stop": 1710414776787, "uuid": "429e5716-a493-4a35-ae69-d0ed00b10fff", "historyId": "2f8475fbd0a68b230a6f1005a2999283", "testCaseId": "2f8475fbd0a68b230a6f1005a2999283", "fullName": "tests.test_feature_profile.TestProfileFeatureTests#test_change_profile_name", "labels": [{"name": "severity", "value": "Critical"}, {"name": "feature", "value": "Profile functionality"}, {"name": "tag", "value": "smoke"}, {"name": "parentSuite", "value": "tests"}, {"name": "suite", "value": "test_feature_profile"}, {"name": "subSuite", "value": "TestProfileFeatureTests"}, {"name": "host", "value": "76f831e1f4d8"}, {"name": "thread", "value": "1-MainThread"}, {"name": "framework", "value": "pytest"}, {"name": "language", "value": "cpython3"}, {"name": "package", "value": "tests.test_feature_profile"}]}